  proyectofinal.cpp
C:\Users\amema\OneDrive\Documentos\GitHub\ProyectoFinal-2024-GPO3-EQUIPO6\PROYECTOFINAL2024-2-CENTRO COMERCIAL\practica2\proyectofinal.cpp(336,24): warning C4244: 'inicializando': conversión de 'double' a 'GLfloat'; posible pérdida de datos
C:\Users\amema\OneDrive\Documentos\GitHub\ProyectoFinal-2024-GPO3-EQUIPO6\PROYECTOFINAL2024-2-CENTRO COMERCIAL\practica2\proyectofinal.cpp(729,90): warning C4305: 'argumento': truncamiento de 'double' a 'GLfloat'
C:\Users\amema\OneDrive\Documentos\GitHub\ProyectoFinal-2024-GPO3-EQUIPO6\PROYECTOFINAL2024-2-CENTRO COMERCIAL\practica2\proyectofinal.cpp(739,90): warning C4305: 'argumento': truncamiento de 'double' a 'GLfloat'
C:\Users\amema\OneDrive\Documentos\GitHub\ProyectoFinal-2024-GPO3-EQUIPO6\PROYECTOFINAL2024-2-CENTRO COMERCIAL\practica2\proyectofinal.cpp(749,90): warning C4305: 'argumento': truncamiento de 'double' a 'GLfloat'
C:\Users\amema\OneDrive\Documentos\GitHub\ProyectoFinal-2024-GPO3-EQUIPO6\PROYECTOFINAL2024-2-CENTRO COMERCIAL\practica2\proyectofinal.cpp(761,90): warning C4305: 'argumento': truncamiento de 'double' a 'GLfloat'
C:\Users\amema\OneDrive\Documentos\GitHub\ProyectoFinal-2024-GPO3-EQUIPO6\PROYECTOFINAL2024-2-CENTRO COMERCIAL\practica2\proyectofinal.cpp(773,90): warning C4305: 'argumento': truncamiento de 'double' a 'GLfloat'
C:\Users\amema\OneDrive\Documentos\GitHub\ProyectoFinal-2024-GPO3-EQUIPO6\PROYECTOFINAL2024-2-CENTRO COMERCIAL\practica2\proyectofinal.cpp(785,90): warning C4305: 'argumento': truncamiento de 'double' a 'GLfloat'
C:\Users\amema\OneDrive\Documentos\GitHub\ProyectoFinal-2024-GPO3-EQUIPO6\PROYECTOFINAL2024-2-CENTRO COMERCIAL\practica2\proyectofinal.cpp(796,90): warning C4305: 'argumento': truncamiento de 'double' a 'GLfloat'
C:\Users\amema\OneDrive\Documentos\GitHub\ProyectoFinal-2024-GPO3-EQUIPO6\PROYECTOFINAL2024-2-CENTRO COMERCIAL\practica2\proyectofinal.cpp(807,90): warning C4305: 'argumento': truncamiento de 'double' a 'GLfloat'
C:\Users\amema\OneDrive\Documentos\GitHub\ProyectoFinal-2024-GPO3-EQUIPO6\PROYECTOFINAL2024-2-CENTRO COMERCIAL\practica2\proyectofinal.cpp(818,90): warning C4305: 'argumento': truncamiento de 'double' a 'GLfloat'
C:\Users\amema\OneDrive\Documentos\GitHub\ProyectoFinal-2024-GPO3-EQUIPO6\PROYECTOFINAL2024-2-CENTRO COMERCIAL\practica2\proyectofinal.cpp(843,80): warning C4305: 'argumento': truncamiento de 'double' a 'GLfloat'
C:\Users\amema\OneDrive\Documentos\GitHub\ProyectoFinal-2024-GPO3-EQUIPO6\PROYECTOFINAL2024-2-CENTRO COMERCIAL\practica2\proyectofinal.cpp(844,26): warning C4244: '=': conversión de 'double' a 'float'; posible pérdida de datos
C:\Users\amema\OneDrive\Documentos\GitHub\ProyectoFinal-2024-GPO3-EQUIPO6\PROYECTOFINAL2024-2-CENTRO COMERCIAL\practica2\proyectofinal.cpp(864,26): warning C4244: '=': conversión de 'double' a 'float'; posible pérdida de datos
C:\Users\amema\OneDrive\Documentos\GitHub\ProyectoFinal-2024-GPO3-EQUIPO6\PROYECTOFINAL2024-2-CENTRO COMERCIAL\practica2\proyectofinal.cpp(882,26): warning C4244: '=': conversión de 'double' a 'float'; posible pérdida de datos
C:\Users\amema\OneDrive\Documentos\GitHub\ProyectoFinal-2024-GPO3-EQUIPO6\PROYECTOFINAL2024-2-CENTRO COMERCIAL\practica2\proyectofinal.cpp(1195,11): warning C4244: '=': conversión de 'double' a 'GLfloat'; posible pérdida de datos
C:\Users\amema\OneDrive\Documentos\GitHub\ProyectoFinal-2024-GPO3-EQUIPO6\PROYECTOFINAL2024-2-CENTRO COMERCIAL\practica2\proyectofinal.cpp(1196,11): warning C4244: '=': conversión de 'double' a 'GLfloat'; posible pérdida de datos
C:\Users\amema\OneDrive\Documentos\GitHub\ProyectoFinal-2024-GPO3-EQUIPO6\PROYECTOFINAL2024-2-CENTRO COMERCIAL\practica2\proyectofinal.cpp(1200,18): warning C4244: 'inicializando': conversión de 'double' a 'GLfloat'; posible pérdida de datos
C:\Users\amema\OneDrive\Documentos\GitHub\ProyectoFinal-2024-GPO3-EQUIPO6\PROYECTOFINAL2024-2-CENTRO COMERCIAL\practica2\proyectofinal.cpp(1201,18): warning C4244: 'inicializando': conversión de 'double' a 'GLfloat'; posible pérdida de datos
C:\Users\amema\OneDrive\Documentos\GitHub\ProyectoFinal-2024-GPO3-EQUIPO6\PROYECTOFINAL2024-2-CENTRO COMERCIAL\practica2\proyectofinal.cpp(1203,10): warning C4244: '=': conversión de 'double' a 'GLfloat'; posible pérdida de datos
C:\Users\amema\OneDrive\Documentos\GitHub\ProyectoFinal-2024-GPO3-EQUIPO6\PROYECTOFINAL2024-2-CENTRO COMERCIAL\practica2\proyectofinal.cpp(1204,10): warning C4244: '=': conversión de 'double' a 'GLfloat'; posible pérdida de datos
soil2-debug.lib(SOIL2.obj) : warning LNK4075: se omite '/EDITANDCONTINUE' debido a la especificación '/OPT:ICF'
LINK : warning LNK4098: la biblioteca predeterminada'MSVCRTD' entra en conflicto con otras bibliotecas; use la biblioteca /NODEFAULTLIB:biblioteca
  Generando código
  Previous IPDB not found, fall back to full compilation.
  All 615 functions were compiled because no usable IPDB/IOBJ from previous compilation was found.
  Generación de código finalizada
soil2-debug.lib(etc1_utils.obj) : warning LNK4099: no se encontró PDB '' con 'soil2-debug.lib(etc1_utils.obj)' o en ''; se vinculará el objeto sin tener en cuenta información de depuración
soil2-debug.lib(image_DXT.obj) : warning LNK4099: no se encontró PDB '' con 'soil2-debug.lib(image_DXT.obj)' o en ''; se vinculará el objeto sin tener en cuenta información de depuración
soil2-debug.lib(image_helper.obj) : warning LNK4099: no se encontró PDB '' con 'soil2-debug.lib(image_helper.obj)' o en ''; se vinculará el objeto sin tener en cuenta información de depuración
soil2-debug.lib(SOIL2.obj) : warning LNK4099: no se encontró PDB '' con 'soil2-debug.lib(SOIL2.obj)' o en ''; se vinculará el objeto sin tener en cuenta información de depuración
  practica2.vcxproj -> C:\Users\amema\OneDrive\Documentos\GitHub\ProyectoFinal-2024-GPO3-EQUIPO6\PROYECTOFINAL2024-2-CENTRO COMERCIAL\Release\PROYECTOFINAL.exe
